app/build/outputs/logs/manifest-merger-debug-report.txt
-- Merging decision tree log ---
manifest
ADDED from src\main\AndroidManifest.xml:2:1-235:12
	package
		ADDED from src\main\AndroidManifest.xml:4:5-29
		INJECTED from src\main\AndroidManifest.xml
		INJECTED from src\main\AndroidManifest.xml
	android:versionName
		INJECTED from src\main\AndroidManifest.xml
		INJECTED from src\main\AndroidManifest.xml
	xmlns:tools
		ADDED from src\main\AndroidManifest.xml:3:5-51
	xmlns:android
		ADDED from src\main\AndroidManifest.xml:2:11-69
	android:versionCode
		INJECTED from src\main\AndroidManifest.xml
		INJECTED from src\main\AndroidManifest.xml
uses-permission#android.permission.INTERNET
ADDED from src\main\AndroidManifest.xml:6:5-67
MERGED from [com.google.android.gms:play-services-maps:9.6.1] AndroidManifest.xml:20:5-66
MERGED from [NetMe:minitpay:unspecified] AndroidManifest.xml:11:5-67
MERGED from [com.koushikdutta.ion:ion:2.2.1] AndroidManifest.xml:11:5-67
MERGED from [com.koushikdutta.async:androidasync:2.2.1] AndroidManifest.xml:11:5-67
MERGED from [com.google.android.gms:play-services-gcm:9.6.1] AndroidManifest.xml:21:5-66
MERGED from [com.google.android.gms:play-services-iid:9.6.1] AndroidManifest.xml:21:5-66
	android:name
		ADDED from src\main\AndroidManifest.xml:6:22-64
uses-permission#android.permission.ACCESS_WIFI_STATE
ADDED from src\main\AndroidManifest.xml:7:5-76
	android:name
		ADDED from src\main\AndroidManifest.xml:7:22-73
uses-permission#android.permission.ACCESS_NETWORK_STATE
ADDED from src\main\AndroidManifest.xml:8:5-79
MERGED from [com.google.android.gms:play-services-maps:9.6.1] AndroidManifest.xml:19:5-78
MERGED from [NetMe:minitpay:unspecified] AndroidManifest.xml:13:5-79
	android:name
		ADDED from src\main\AndroidManifest.xml:8:22-76
uses-permission#android.permission.WRITE_EXTERNAL_STORAGE
ADDED from src\main\AndroidManifest.xml:9:5-81
	android:name
		ADDED from src\main\AndroidManifest.xml:9:22-78
uses-permission#android.permission.CAMERA
ADDED from src\main\AndroidManifest.xml:10:5-65
MERGED from [com.journeyapps:zxing-android-embedded:3.4.0] AndroidManifest.xml:21:5-65
	android:name
		ADDED from src\main\AndroidManifest.xml:10:22-62
uses-permission#android.permission.READ_CONTACTS
ADDED from src\main\AndroidManifest.xml:11:5-72
	android:name
		ADDED from src\main\AndroidManifest.xml:11:22-69
uses-permission#android.permission.WRITE_CONTACTS
ADDED from src\main\AndroidManifest.xml:12:5-73
	android:name
		ADDED from src\main\AndroidManifest.xml:12:22-70
uses-permission#android.permission.READ_PROFILE
ADDED from src\main\AndroidManifest.xml:13:5-71
	android:name
		ADDED from src\main\AndroidManifest.xml:13:22-68
uses-permission#android.permission.WRITE_PROFILE
ADDED from src\main\AndroidManifest.xml:14:5-72
	android:name
		ADDED from src\main\AndroidManifest.xml:14:22-69
uses-permission#android.permission.READ_PHONE_STATE
ADDED from src\main\AndroidManifest.xml:15:5-75
MERGED from [NetMe:minitpay:unspecified] AndroidManifest.xml:12:5-75
	android:name
		ADDED from src\main\AndroidManifest.xml:15:22-72
uses-permission#android.permission.GET_ACCOUNTS
ADDED from src\main\AndroidManifest.xml:16:5-71
	android:name
		ADDED from src\main\AndroidManifest.xml:16:22-68
uses-permission#android.permission.WAKE_LOCK
ADDED from src\main\AndroidManifest.xml:17:5-68
	android:name
		ADDED from src\main\AndroidManifest.xml:17:22-65
uses-permission#android.permission.VIBRATE
ADDED from src\main\AndroidManifest.xml:18:5-66
	android:name
		ADDED from src\main\AndroidManifest.xml:18:22-63
uses-permission#android.permission.SYSTEM_ALERT_WINDOW
ADDED from src\main\AndroidManifest.xml:19:5-78
	android:name
		ADDED from src\main\AndroidManifest.xml:19:22-75
uses-permission#android.permission.READ_SMS
ADDED from src\main\AndroidManifest.xml:20:5-67
	android:name
		ADDED from src\main\AndroidManifest.xml:20:22-64
uses-permission#android.permission.RECEIVE_SMS
ADDED from src\main\AndroidManifest.xml:21:5-70
	android:name
		ADDED from src\main\AndroidManifest.xml:21:22-67
uses-permission#android.permission.RECORD_AUDIO
ADDED from src\main\AndroidManifest.xml:22:5-71
	android:name
		ADDED from src\main\AndroidManifest.xml:22:22-68
uses-permission#android.permission.MODIFY_AUDIO_SETTINGS
ADDED from src\main\AndroidManifest.xml:23:5-80
	android:name
		ADDED from src\main\AndroidManifest.xml:23:22-77
uses-permission#com.google.android.c2dm.permission.RECEIVE
ADDED from src\main\AndroidManifest.xml:24:5-82
MERGED from [com.google.android.gms:play-services-gcm:9.6.1] AndroidManifest.xml:20:5-81
MERGED from [com.google.android.gms:play-services-iid:9.6.1] AndroidManifest.xml:20:5-81
	android:name
		ADDED from src\main\AndroidManifest.xml:24:22-79
uses-permission#com.google.android.c2dm.intent.RECEIVE
ADDED from src\main\AndroidManifest.xml:25:5-78
	android:name
		ADDED from src\main\AndroidManifest.xml:25:22-75
permission#com.hsdi.NetMe.permission.C2D_MESSAGE
ADDED from src\main\AndroidManifest.xml:27:5-29:47
	android:protectionLevel
		ADDED from src\main\AndroidManifest.xml:29:9-44
	android:name
		ADDED from src\main\AndroidManifest.xml:28:9-61
uses-permission#com.idg.NetMe.permission.C2D_MESSAGE
ADDED from src\main\AndroidManifest.xml:32:5-76
	android:name
		ADDED from src\main\AndroidManifest.xml:32:22-73
uses-permission#com.macate.MBMView.permission.C2D_MESSAGE
ADDED from src\main\AndroidManifest.xml:33:5-81
	android:name
		ADDED from src\main\AndroidManifest.xml:33:22-78
uses-permission#android.permission.ACCESS_COARSE_LOCATION
ADDED from src\main\AndroidManifest.xml:39:5-81
	android:name
		ADDED from src\main\AndroidManifest.xml:39:22-78
uses-permission#android.permission.ACCESS_FINE_LOCATION
ADDED from src\main\AndroidManifest.xml:40:5-79
	android:name
		ADDED from src\main\AndroidManifest.xml:40:22-76
uses-feature#0x00020000
ADDED from src\main\AndroidManifest.xml:42:5-44:35
MERGED from [com.google.android.gms:play-services-maps:9.6.1] AndroidManifest.xml:21:5-77
	android:glEsVersion
		ADDED from src\main\AndroidManifest.xml:43:9-41
	android:required
		ADDED from src\main\AndroidManifest.xml:44:9-32
application
ADDED from src\main\AndroidManifest.xml:46:5-233:19
MERGED from [com.android.support:support-v13:24.2.1] AndroidManifest.xml:25:5-20
MERGED from [com.google.android.gms:play-services-location:9.6.1] AndroidManifest.xml:4:5-19
MERGED from [com.google.android.gms:play-services-maps:9.6.1] AndroidManifest.xml:24:5-19
MERGED from [com.chauthai.swipereveallayout:swipe-reveal-layout:1.4.0] AndroidManifest.xml:12:5-20
MERGED from [za.co.riggaroo:materialhelptutorial:1.2.0] AndroidManifest.xml:11:5-15:19
MERGED from [com.android.support:percent:24.2.1] AndroidManifest.xml:22:5-20
MERGED from [NetMe:minitpay:unspecified] AndroidManifest.xml:15:5-105:19
MERGED from [com.android.support:design:24.2.1] AndroidManifest.xml:22:5-20
MERGED from [com.jpardogo.materialtabstrip:library:1.1.0] AndroidManifest.xml:9:5-20
MERGED from [com.koushikdutta.ion:ion:2.2.1] AndroidManifest.xml:13:5-14:19
MERGED from [com.koushikdutta.async:androidasync:2.2.1] AndroidManifest.xml:13:5-14:19
MERGED from [com.github.nirhart:parallaxscroll:1.0] AndroidManifest.xml:11:5-20
MERGED from [com.melnykov:floatingactionbutton:1.3.0] AndroidManifest.xml:12:5-20
MERGED from [com.github.johnkil.android-robototextview:robototextview:2.4.1] AndroidManifest.xml:8:5-20
MERGED from [com.pkmmte.view:circularimageview:1.1] AndroidManifest.xml:11:5-20
MERGED from [com.google.android.gms:play-services-gcm:9.6.1] AndroidManifest.xml:23:5-19
MERGED from [com.google.android.gms:play-services-iid:9.6.1] AndroidManifest.xml:23:5-19
MERGED from [com.google.android.gms:play-services-base:9.6.1] AndroidManifest.xml:18:5-20:19
MERGED from [com.google.android.gms:play-services-tasks:9.6.1] AndroidManifest.xml:4:5-19
MERGED from [com.google.android.gms:play-services-basement:9.6.1] AndroidManifest.xml:19:5-21:19
MERGED from [com.journeyapps:zxing-android-embedded:3.4.0] AndroidManifest.xml:45:5-53:19
MERGED from [NetMe:theme:unspecified] AndroidManifest.xml:11:5-14:38
MERGED from [com.android.support:appcompat-v7:25.3.1] AndroidManifest.xml:29:5-20
MERGED from [com.android.support:support-v4:25.3.1] AndroidManifest.xml:29:5-20
MERGED from [com.android.support:support-fragment:25.3.1] AndroidManifest.xml:29:5-20
MERGED from [com.android.support:support-media-compat:25.3.1] AndroidManifest.xml:29:5-20
MERGED from [com.android.support:support-core-ui:25.3.1] AndroidManifest.xml:29:5-20
MERGED from [com.android.support:support-core-utils:25.3.1] AndroidManifest.xml:29:5-20
MERGED from [com.android.support:animated-vector-drawable:25.3.1] AndroidManifest.xml:26:5-20
MERGED from [com.android.support:support-vector-drawable:25.3.1] AndroidManifest.xml:26:5-20
MERGED from [com.android.support:support-compat:25.3.1] AndroidManifest.xml:29:5-20
MERGED from [com.githang:status-bar-compat:0.5.3] AndroidManifest.xml:12:5-20
	android:label
		ADDED from src\main\AndroidManifest.xml:50:9-41
	android:supportsRtl
		ADDED from [za.co.riggaroo:materialhelptutorial:1.2.0] AndroidManifest.xml:14:9-35
	android:allowBackup
		ADDED from src\main\AndroidManifest.xml:48:9-36
		REJECTED from [za.co.riggaroo:materialhelptutorial:1.2.0] AndroidManifest.xml:12:9-35
		REJECTED from [NetMe:minitpay:unspecified] AndroidManifest.xml:16:9-35
		REJECTED from [NetMe:theme:unspecified] AndroidManifest.xml:12:9-35
	android:icon
		ADDED from src\main\AndroidManifest.xml:49:9-44
		REJECTED from [NetMe:minitpay:unspecified] AndroidManifest.xml:17:9-44
	android:largeHeap
		ADDED from src\main\AndroidManifest.xml:51:9-33
	android:theme
		ADDED from src\main\AndroidManifest.xml:52:9-40
		REJECTED from [NetMe:minitpay:unspecified] AndroidManifest.xml:20:9-44
	tools:replace
		ADDED from src\main\AndroidManifest.xml:53:9-71
	android:name
		ADDED from src\main\AndroidManifest.xml:47:9-33
provider#android.support.v4.content.FileProvider
ADDED from src\main\AndroidManifest.xml:54:9-62:20
	android:authorities
		ADDED from src\main\AndroidManifest.xml:56:13-49
	android:grantUriPermissions
		ADDED from src\main\AndroidManifest.xml:58:13-47
	android:exported
		ADDED from src\main\AndroidManifest.xml:57:13-37
	android:name
		ADDED from src\main\AndroidManifest.xml:55:13-67
meta-data#android.support.FILE_PROVIDER_PATHS
ADDED from src\main\AndroidManifest.xml:59:13-61:63
	android:resource
		ADDED from src\main\AndroidManifest.xml:61:17-60
	android:name
		ADDED from src\main\AndroidManifest.xml:60:17-67
meta-data#com.google.android.geo.API_KEY
ADDED from src\main\AndroidManifest.xml:64:9-66:71
	android:value
		ADDED from src\main\AndroidManifest.xml:66:13-68
	android:name
		ADDED from src\main\AndroidManifest.xml:65:13-58
meta-data#com.google.android.gms.version
ADDED from src\main\AndroidManifest.xml:67:9-69:69
MERGED from [com.google.android.gms:play-services-basement:9.6.1] AndroidManifest.xml:20:9-121
	android:value
		ADDED from src\main\AndroidManifest.xml:69:13-66
	android:name
		ADDED from src\main\AndroidManifest.xml:68:13-58
receiver#com.hsdi.NetMe.network.GcmBroadcastReceiver
ADDED from src\main\AndroidManifest.xml:71:9-79:20
	android:permission
		ADDED from src\main\AndroidManifest.xml:73:13-73
	android:name
		ADDED from src\main\AndroidManifest.xml:72:13-57
intent-filter#com.google.android.c2dm.intent.RECEIVE+com.hsdi.NetMe
ADDED from src\main\AndroidManifest.xml:74:13-78:29
action#com.google.android.c2dm.intent.RECEIVE
ADDED from src\main\AndroidManifest.xml:75:17-81
	android:name
		ADDED from src\main\AndroidManifest.xml:75:25-78
category#com.hsdi.NetMe
ADDED from src\main\AndroidManifest.xml:77:17-59
	android:name
		ADDED from src\main\AndroidManifest.xml:77:27-56
receiver#com.hsdi.NetMe.network.SmsPinListener
ADDED from src\main\AndroidManifest.xml:80:9-86:20
	android:permission
		ADDED from src\main\AndroidManifest.xml:82:13-66
	android:name
		ADDED from src\main\AndroidManifest.xml:81:13-51
intent-filter#android.provider.Telephony.SMS_RECEIVED
ADDED from src\main\AndroidManifest.xml:83:13-85:29
action#android.provider.Telephony.SMS_RECEIVED
ADDED from src\main\AndroidManifest.xml:84:17-82
	android:name
		ADDED from src\main\AndroidManifest.xml:84:25-79
service#com.hsdi.NetMe.network.EndMeetingService
ADDED from src\main\AndroidManifest.xml:88:9-62
	android:name
		ADDED from src\main\AndroidManifest.xml:88:18-59
activity#za.co.riggaroo.materialhelptutorial.tutorial.MaterialTutorialActivity
ADDED from src\main\AndroidManifest.xml:90:9-106
	android:name
		ADDED from src\main\AndroidManifest.xml:90:19-103
activity#com.soundcloud.android.crop.CropImageActivity
ADDED from src\main\AndroidManifest.xml:91:9-82
	android:name
		ADDED from src\main\AndroidManifest.xml:91:19-79
activity#com.hsdi.NetMe.ui.startup.PhoneRetrievalActivity
ADDED from src\main\AndroidManifest.xml:92:9-103:20
	android:screenOrientation
		ADDED from src\main\AndroidManifest.xml:96:13-49
	android:label
		ADDED from src\main\AndroidManifest.xml:94:13-45
	android:launchMode
		ADDED from src\main\AndroidManifest.xml:95:13-43
	android:windowSoftInputMode
		ADDED from src\main\AndroidManifest.xml:97:13-54
	android:name
		ADDED from src\main\AndroidManifest.xml:93:13-62
intent-filter#android.intent.action.MAIN+android.intent.category.LAUNCHER
ADDED from src\main\AndroidManifest.xml:98:13-102:29
action#android.intent.action.MAIN
ADDED from src\main\AndroidManifest.xml:99:17-69
	android:name
		ADDED from src\main\AndroidManifest.xml:99:25-66
category#android.intent.category.LAUNCHER
ADDED from src\main\AndroidManifest.xml:101:17-77
	android:name
		ADDED from src\main\AndroidManifest.xml:101:27-74
activity#com.hsdi.NetMe.ui.startup.LoginActivity
ADDED from src\main\AndroidManifest.xml:104:9-109:57
	android:screenOrientation
		ADDED from src\main\AndroidManifest.xml:108:13-49
	android:label
		ADDED from src\main\AndroidManifest.xml:106:13-45
	android:launchMode
		ADDED from src\main\AndroidManifest.xml:107:13-43
	android:windowSoftInputMode
		ADDED from src\main\AndroidManifest.xml:109:13-54
	android:name
		ADDED from src\main\AndroidManifest.xml:105:13-53
activity#com.hsdi.NetMe.ui.startup.AccountRecoveryActivity
ADDED from src\main\AndroidManifest.xml:110:9-114:57
	android:screenOrientation
		ADDED from src\main\AndroidManifest.xml:113:13-49
	android:label
		ADDED from src\main\AndroidManifest.xml:112:13-45
	android:windowSoftInputMode
		ADDED from src\main\AndroidManifest.xml:114:13-54
	android:name
		ADDED from src\main\AndroidManifest.xml:111:13-63
activity#com.hsdi.NetMe.ui.startup.RegisterActivity
ADDED from src\main\AndroidManifest.xml:115:9-120:57
	android:screenOrientation
		ADDED from src\main\AndroidManifest.xml:119:13-49
	android:label
		ADDED from src\main\AndroidManifest.xml:117:13-45
	android:launchMode
		ADDED from src\main\AndroidManifest.xml:118:13-43
	android:windowSoftInputMode
		ADDED from src\main\AndroidManifest.xml:120:13-54
	android:name
		ADDED from src\main\AndroidManifest.xml:116:13-56
activity#com.hsdi.NetMe.ui.main.MainActivity
ADDED from src\main\AndroidManifest.xml:121:9-136:20
	android:screenOrientation
		ADDED from src\main\AndroidManifest.xml:124:13-49
	android:label
		ADDED from src\main\AndroidManifest.xml:123:13-45
	android:windowSoftInputMode
		ADDED from src\main\AndroidManifest.xml:125:13-54
	android:name
		ADDED from src\main\AndroidManifest.xml:122:13-49
intent-filter#android.intent.action.SEARCH
ADDED from src\main\AndroidManifest.xml:126:13-128:29
action#android.intent.action.SEARCH
ADDED from src\main\AndroidManifest.xml:127:17-71
	android:name
		ADDED from src\main\AndroidManifest.xml:127:25-68
intent-filter#android.intent.action.VIEW
ADDED from src\main\AndroidManifest.xml:129:13-131:29
action#android.intent.action.VIEW
ADDED from src\main\AndroidManifest.xml:130:17-69
	android:name
		ADDED from src\main\AndroidManifest.xml:130:25-66
meta-data#android.app.searchable
ADDED from src\main\AndroidManifest.xml:133:13-135:54
	android:resource
		ADDED from src\main\AndroidManifest.xml:135:17-51
	android:name
		ADDED from src\main\AndroidManifest.xml:134:17-54
activity#com.hsdi.NetMe.ui.contact_detail.ContactDetailActivity
ADDED from src\main\AndroidManifest.xml:137:9-141:57
	android:screenOrientation
		ADDED from src\main\AndroidManifest.xml:140:13-49
	android:label
		ADDED from src\main\AndroidManifest.xml:139:13-45
	android:windowSoftInputMode
		ADDED from src\main\AndroidManifest.xml:141:13-54
	android:name
		ADDED from src\main\AndroidManifest.xml:138:13-68
activity#com.hsdi.NetMe.ui.chat.ChatActivity
ADDED from src\main\AndroidManifest.xml:142:9-148:57
	android:screenOrientation
		ADDED from src\main\AndroidManifest.xml:147:13-49
	android:label
		ADDED from src\main\AndroidManifest.xml:145:13-45
	android:launchMode
		ADDED from src\main\AndroidManifest.xml:146:13-44
	android:exported
		ADDED from src\main\AndroidManifest.xml:144:13-36
	android:windowSoftInputMode
		ADDED from src\main\AndroidManifest.xml:148:13-54
	android:name
		ADDED from src\main\AndroidManifest.xml:143:13-49
activity#com.hsdi.NetMe.ui.chat.text.helper_activities.ImageViewActivity
ADDED from src\main\AndroidManifest.xml:149:9-153:57
	android:label
		ADDED from src\main\AndroidManifest.xml:152:13-45
	android:windowSoftInputMode
		ADDED from src\main\AndroidManifest.xml:153:13-54
	android:configChanges
		ADDED from src\main\AndroidManifest.xml:151:13-59
	android:name
		ADDED from src\main\AndroidManifest.xml:150:13-77
activity#com.hsdi.NetMe.ui.contact_selection.SelectContactsActivity
ADDED from src\main\AndroidManifest.xml:154:9-158:57
	android:label
		ADDED from src\main\AndroidManifest.xml:157:13-45
	android:windowSoftInputMode
		ADDED from src\main\AndroidManifest.xml:158:13-54
	android:configChanges
		ADDED from src\main\AndroidManifest.xml:156:13-59
	android:name
		ADDED from src\main\AndroidManifest.xml:155:13-72
activity#com.hsdi.NetMe.ui.chat.text.helper_activities.EditMessageActivity
ADDED from src\main\AndroidManifest.xml:159:9-162:57
	android:label
		ADDED from src\main\AndroidManifest.xml:161:13-45
	android:windowSoftInputMode
		ADDED from src\main\AndroidManifest.xml:162:13-54
	android:name
		ADDED from src\main\AndroidManifest.xml:160:13-79
activity#com.hsdi.NetMe.ui.chat.text.helper_activities.MapActivity
ADDED from src\main\AndroidManifest.xml:163:9-167:57
	android:label
		ADDED from src\main\AndroidManifest.xml:166:13-45
	android:windowSoftInputMode
		ADDED from src\main\AndroidManifest.xml:167:13-54
	android:configChanges
		ADDED from src\main\AndroidManifest.xml:165:13-59
	android:name
		ADDED from src\main\AndroidManifest.xml:164:13-71
activity#com.hsdi.NetMe.ui.chat.text.helper_activities.ViewLocationActivity
ADDED from src\main\AndroidManifest.xml:168:9-172:57
	android:label
		ADDED from src\main\AndroidManifest.xml:171:13-45
	android:windowSoftInputMode
		ADDED from src\main\AndroidManifest.xml:172:13-54
	android:configChanges
		ADDED from src\main\AndroidManifest.xml:170:13-59
	android:name
		ADDED from src\main\AndroidManifest.xml:169:13-80
activity#com.hsdi.NetMe.ui.chat.text.helper_activities.SoundRecorderActivity
ADDED from src\main\AndroidManifest.xml:173:9-178:57
	android:screenOrientation
		ADDED from src\main\AndroidManifest.xml:176:13-49
	android:label
		ADDED from src\main\AndroidManifest.xml:175:13-45
	android:windowSoftInputMode
		ADDED from src\main\AndroidManifest.xml:178:13-54
	android:theme
		ADDED from src\main\AndroidManifest.xml:177:13-54
	android:name
		ADDED from src\main\AndroidManifest.xml:174:13-81
activity#com.hsdi.NetMe.ui.ProfileActivity
ADDED from src\main\AndroidManifest.xml:179:9-183:57
	android:screenOrientation
		ADDED from src\main\AndroidManifest.xml:182:13-49
	android:label
		ADDED from src\main\AndroidManifest.xml:181:13-45
	android:windowSoftInputMode
		ADDED from src\main\AndroidManifest.xml:183:13-54
	android:name
		ADDED from src\main\AndroidManifest.xml:180:13-47
activity#com.hsdi.NetMe.ui.EulaActivity
ADDED from src\main\AndroidManifest.xml:184:9-188:57
	android:screenOrientation
		ADDED from src\main\AndroidManifest.xml:187:13-49
	android:label
		ADDED from src\main\AndroidManifest.xml:186:13-45
	android:windowSoftInputMode
		ADDED from src\main\AndroidManifest.xml:188:13-54
	android:name
		ADDED from src\main\AndroidManifest.xml:185:13-44
activity#com.hsdi.NetMe.ui.startup.ChangePwdActivity
ADDED from src\main\AndroidManifest.xml:189:9-193:57
	android:screenOrientation
		ADDED from src\main\AndroidManifest.xml:192:13-49
	android:label
		ADDED from src\main\AndroidManifest.xml:191:13-45
	android:windowSoftInputMode
		ADDED from src\main\AndroidManifest.xml:193:13-54
	android:name
		ADDED from src\main\AndroidManifest.xml:190:13-57
activity#com.hsdi.MinitPay.MinitPayActivity
ADDED from src\main\AndroidManifest.xml:194:9-198:52
	android:screenOrientation
		ADDED from src\main\AndroidManifest.xml:198:13-49
	android:label
		ADDED from src\main\AndroidManifest.xml:196:13-45
	android:launchMode
		ADDED from src\main\AndroidManifest.xml:197:13-44
	android:name
		ADDED from src\main\AndroidManifest.xml:195:13-62
activity#com.hsdi.MinitPay.LoginInMiNitActivity
ADDED from src\main\AndroidManifest.xml:199:9-203:52
	android:screenOrientation
		ADDED from src\main\AndroidManifest.xml:203:13-49
	android:label
		ADDED from src\main\AndroidManifest.xml:201:13-45
	android:launchMode
		ADDED from src\main\AndroidManifest.xml:202:13-43
	android:name
		ADDED from src\main\AndroidManifest.xml:200:13-66
activity#com.hsdi.MinitPay.LoginOutActivity
ADDED from src\main\AndroidManifest.xml:204:9-206:52
	android:screenOrientation
		ADDED from src\main\AndroidManifest.xml:206:13-49
	android:name
		ADDED from src\main\AndroidManifest.xml:205:13-62
activity#com.hsdi.MinitPay.BalanceActivity
ADDED from src\main\AndroidManifest.xml:207:9-209:52
	android:screenOrientation
		ADDED from src\main\AndroidManifest.xml:209:13-49
	android:name
		ADDED from src\main\AndroidManifest.xml:208:13-61
activity#com.hsdi.MinitPay.ShowCodeActivity
ADDED from src\main\AndroidManifest.xml:210:9-212:52
	android:screenOrientation
		ADDED from src\main\AndroidManifest.xml:212:13-49
	android:name
		ADDED from src\main\AndroidManifest.xml:211:13-62
activity#com.hsdi.MinitPay.PayActivity
ADDED from src\main\AndroidManifest.xml:213:9-215:52
	android:screenOrientation
		ADDED from src\main\AndroidManifest.xml:215:13-49
	android:name
		ADDED from src\main\AndroidManifest.xml:214:13-57
activity#com.hsdi.NetMe.ui.startup.VersionActivity
ADDED from src\main\AndroidManifest.xml:216:9-64
	android:name
		ADDED from src\main\AndroidManifest.xml:216:19-61
service#com.hsdi.NetMe.network.NotificationService
ADDED from src\main\AndroidManifest.xml:218:9-222:19
	android:name
		ADDED from src\main\AndroidManifest.xml:218:18-61
intent-filter#com.hsdi.NetMe.network.NOTIFICATION_SERVICE
ADDED from src\main\AndroidManifest.xml:219:13-221:29
action#com.hsdi.NetMe.network.NOTIFICATION_SERVICE
ADDED from src\main\AndroidManifest.xml:220:17-86
	android:name
		ADDED from src\main\AndroidManifest.xml:220:25-83
receiver#com.hsdi.NetMe.network.HeadsetPlugReceiver
ADDED from src\main\AndroidManifest.xml:224:9-230:20
	android:name
		ADDED from src\main\AndroidManifest.xml:224:19-62
intent-filter#android.intent.action.HEADSET_PLUG
ADDED from src\main\AndroidManifest.xml:225:13-229:29
action#android.intent.action.HEADSET_PLUG
ADDED from src\main\AndroidManifest.xml:226:17-228:46
	android:enabled
		ADDED from src\main\AndroidManifest.xml:228:21-43
	android:name
		ADDED from src\main\AndroidManifest.xml:227:21-70
activity#com.hsdi.NetMe.ui.startup.ThemeActivity
ADDED from src\main\AndroidManifest.xml:232:9-71
	android:name
		ADDED from src\main\AndroidManifest.xml:232:19-59
uses-sdk
INJECTED from src\main\AndroidManifest.xml reason: use-sdk injection requested
MERGED from [com.android.support:support-v13:24.2.1] AndroidManifest.xml:21:5-23:55
MERGED from [com.google.android.gms:play-services-location:9.6.1] AndroidManifest.xml:3:5-42
MERGED from [com.google.android.gms:play-services-maps:9.6.1] AndroidManifest.xml:23:5-42
MERGED from [com.chauthai.swipereveallayout:swipe-reveal-layout:1.4.0] AndroidManifest.xml:8:5-10:41
MERGED from [com.soundcloud.android:android-crop:1.0.1] AndroidManifest.xml:6:5-8:41
MERGED from [com.getkeepsafe.taptargetview:taptargetview:1.5.0] AndroidManifest.xml:8:5-44
MERGED from [za.co.riggaroo:materialhelptutorial:1.2.0] AndroidManifest.xml:7:5-9:41
MERGED from [com.android.support:percent:24.2.1] AndroidManifest.xml:20:5-43
MERGED from [NetMe:minitpay:unspecified] AndroidManifest.xml:7:5-9:41
MERGED from [com.android.support:design:24.2.1] AndroidManifest.xml:20:5-43
MERGED from [com.jpardogo.materialtabstrip:library:1.1.0] AndroidManifest.xml:5:5-7:41
MERGED from [com.koushikdutta.ion:ion:2.2.1] AndroidManifest.xml:7:5-9:41
MERGED from [com.koushikdutta.async:androidasync:2.2.1] AndroidManifest.xml:7:5-9:41
MERGED from [com.pixplicity.multiviewpager:library:1.0] AndroidManifest.xml:7:5-9:41
MERGED from [com.github.nirhart:parallaxscroll:1.0] AndroidManifest.xml:7:5-9:41
MERGED from [com.makeramen:roundedimageview:2.0.1] AndroidManifest.xml:7:5-9:41
MERGED from [com.github.JakeWharton:ViewPagerIndicator:2.4.1] AndroidManifest.xml:7:5-9:41
MERGED from [com.melnykov:floatingactionbutton:1.3.0] AndroidManifest.xml:8:5-10:41
MERGED from [com.android.support:recyclerview-v7:24.2.1] AndroidManifest.xml:20:5-43
MERGED from [com.github.johnkil.android-robototextview:robototextview:2.4.1] AndroidManifest.xml:6:5-43
MERGED from [com.pkmmte.view:circularimageview:1.1] AndroidManifest.xml:7:5-9:41
MERGED from [com.google.android.gms:play-services-gcm:9.6.1] AndroidManifest.xml:17:5-42
MERGED from [com.google.android.gms:play-services-iid:9.6.1] AndroidManifest.xml:17:5-42
MERGED from [com.google.android.gms:play-services-base:9.6.1] AndroidManifest.xml:17:5-42
MERGED from [com.google.android.gms:play-services-tasks:9.6.1] AndroidManifest.xml:3:5-42
MERGED from [com.google.android.gms:play-services-basement:9.6.1] AndroidManifest.xml:17:5-42
MERGED from [com.journeyapps:zxing-android-embedded:3.4.0] AndroidManifest.xml:19:5-43
MERGED from [com.android.support:multidex:1.0.1] AndroidManifest.xml:18:5-42
MERGED from [NetMe:theme:unspecified] AndroidManifest.xml:7:5-9:41
MERGED from [com.android.support:appcompat-v7:25.3.1] AndroidManifest.xml:21:5-23:78
MERGED from [com.android.support:support-v4:25.3.1] AndroidManifest.xml:21:5-23:54
MERGED from [com.android.support:support-fragment:25.3.1] AndroidManifest.xml:21:5-23:60
MERGED from [com.android.support:support-media-compat:25.3.1] AndroidManifest.xml:21:5-23:63
MERGED from [com.android.support:support-core-ui:25.3.1] AndroidManifest.xml:21:5-23:58
MERGED from [com.android.support:support-core-utils:25.3.1] AndroidManifest.xml:21:5-23:61
MERGED from [com.android.support:animated-vector-drawable:25.3.1] AndroidManifest.xml:20:5-44
MERGED from [com.android.support:support-vector-drawable:25.3.1] AndroidManifest.xml:20:5-43
MERGED from [com.android.support:support-compat:25.3.1] AndroidManifest.xml:21:5-23:58
MERGED from [com.githang:status-bar-compat:0.5.3] AndroidManifest.xml:8:5-10:41
	tools:overrideLibrary
		ADDED from [com.android.support:support-v13:24.2.1] AndroidManifest.xml:23:9-52
	android:targetSdkVersion
		INJECTED from src\main\AndroidManifest.xml
		INJECTED from src\main\AndroidManifest.xml
	android:minSdkVersion
		INJECTED from src\main\AndroidManifest.xml
		INJECTED from src\main\AndroidManifest.xml
activity#com.macate.minitpay.activities.LauncherActivity
ADDED from [NetMe:minitpay:unspecified] AndroidManifest.xml:21:9-26:20
	android:screenOrientation
		ADDED from [NetMe:minitpay:unspecified] AndroidManifest.xml:24:13-49
	android:label
		ADDED from [NetMe:minitpay:unspecified] AndroidManifest.xml:23:13-45
	android:theme
		ADDED from [NetMe:minitpay:unspecified] AndroidManifest.xml:25:13-48
	android:name
		ADDED from [NetMe:minitpay:unspecified] AndroidManifest.xml:22:13-75
activity#com.macate.minitpay.activities.LoginActivity
ADDED from [NetMe:minitpay:unspecified] AndroidManifest.xml:27:9-34:20
	android:screenOrientation
		ADDED from [NetMe:minitpay:unspecified] AndroidManifest.xml:30:13-49
	android:label
		ADDED from [NetMe:minitpay:unspecified] AndroidManifest.xml:29:13-45
	android:name
		ADDED from [NetMe:minitpay:unspecified] AndroidManifest.xml:28:13-72
meta-data#android.support.PARENT_ACTIVITY
ADDED from [NetMe:minitpay:unspecified] AndroidManifest.xml:31:13-33:83
	android:value
		ADDED from [NetMe:minitpay:unspecified] AndroidManifest.xml:33:17-80
	android:name
		ADDED from [NetMe:minitpay:unspecified] AndroidManifest.xml:32:17-63
activity#com.macate.minitpay.activities.HomeActivity
ADDED from [NetMe:minitpay:unspecified] AndroidManifest.xml:35:9-44:20
	android:screenOrientation
		ADDED from [NetMe:minitpay:unspecified] AndroidManifest.xml:39:13-49
	android:label
		ADDED from [NetMe:minitpay:unspecified] AndroidManifest.xml:37:13-45
	android:parentActivityName
		ADDED from [NetMe:minitpay:unspecified] AndroidManifest.xml:38:13-86
	android:theme
		ADDED from [NetMe:minitpay:unspecified] AndroidManifest.xml:40:13-48
	android:name
		ADDED from [NetMe:minitpay:unspecified] AndroidManifest.xml:36:13-71
activity#com.macate.minitpay.activities.ShoppingCartActivity
ADDED from [NetMe:minitpay:unspecified] AndroidManifest.xml:45:9-54:20
	android:screenOrientation
		ADDED from [NetMe:minitpay:unspecified] AndroidManifest.xml:49:13-49
	android:label
		ADDED from [NetMe:minitpay:unspecified] AndroidManifest.xml:47:13-65
	android:parentActivityName
		ADDED from [NetMe:minitpay:unspecified] AndroidManifest.xml:48:13-85
	android:theme
		ADDED from [NetMe:minitpay:unspecified] AndroidManifest.xml:50:13-48
	android:name
		ADDED from [NetMe:minitpay:unspecified] AndroidManifest.xml:46:13-79
activity#com.macate.minitpay.activities.TopupActivity
ADDED from [NetMe:minitpay:unspecified] AndroidManifest.xml:55:9-64:20
	android:screenOrientation
		ADDED from [NetMe:minitpay:unspecified] AndroidManifest.xml:59:13-49
	android:label